[    0.000000] Initializing cgroup subsys cpuset
[    0.000000] Initializing cgroup subsys cpu
[    0.000000] Initializing cgroup subsys cpuacct
[    0.000000] Linux version 4.4.0-36-generic (buildd@lcy01-01) (gcc version 5.4.0 20160609 (Ubuntu 5.4.0-6ubuntu1~16.04.2) ) #55-Ubuntu SMP Thu Aug 11 18:01:55 UTC 2016 (Ubuntu 4.4.0-36.55-generic 4.4.16)
[    0.000000] Command line: BOOT_IMAGE=/boot/vmlinuz-4.4.0-36-generic root=LABEL=cloudimg-rootfs ro console=tty1 console=ttyS0
[    0.000000] KERNEL supported cpus:
[    0.000000]   Intel GenuineIntel
[    0.000000]   AMD AuthenticAMD
[    0.000000]   Centaur CentaurHauls
[    0.000000] x86/fpu: xstate_offset[2]:  576, xstate_sizes[2]:  256
[    0.000000] x86/fpu: Supporting XSAVE feature 0x01: 'x87 floating point registers'
[    0.000000] x86/fpu: Supporting XSAVE feature 0x02: 'SSE registers'
[    0.000000] x86/fpu: Supporting XSAVE feature 0x04: 'AVX registers'
[    0.000000] x86/fpu: Enabled xstate features 0x7, context size is 832 bytes, using 'standard' format.
[    0.000000] x86/fpu: Using 'lazy' FPU context switches.
[    0.000000] e820: BIOS-provided physical RAM map:
[    0.000000] BIOS-e820: [mem 0x0000000000000000-0x000000000009fbff] usable
[    0.000000] BIOS-e820: [mem 0x000000000009fc00-0x000000000009ffff] reserved
[    0.000000] BIOS-e820: [mem 0x00000000000f0000-0x00000000000fffff] reserved
[    0.000000] BIOS-e820: [mem 0x0000000000100000-0x000000001ffeffff] usable
[    0.000000] BIOS-e820: [mem 0x000000001fff0000-0x000000001fffffff] ACPI data
[    0.000000] BIOS-e820: [mem 0x00000000fec00000-0x00000000fec00fff] reserved
[    0.000000] BIOS-e820: [mem 0x00000000fee00000-0x00000000fee00fff] reserved
[    0.000000] BIOS-e820: [mem 0x00000000fffc0000-0x00000000ffffffff] reserved
[    0.000000] NX (Execute Disable) protection: active
[    0.000000] SMBIOS 2.5 present.
[    0.000000] Hypervisor detected: KVM
[    0.000000] e820: last_pfn = 0x1fff0 max_arch_pfn = 0x400000000
[    0.000000] x86/PAT: Configuration [0-7]: WB  WC  UC- UC  WB  WC  UC- WT  
[    0.000000] MTRR: Disabled
[    0.000000] CPU MTRRs all blank - virtualized system.
[    0.000000] found SMP MP-table at [mem 0x0009fff0-0x0009ffff] mapped at [ffff88000009fff0]
[    0.000000] Scanning 1 areas for low memory corruption
[    0.000000] RAMDISK: [mem 0x1f05c000-0x1f778fff]
[    0.000000] ACPI: Early table checksum verification disabled
[    0.000000] ACPI: RSDP 0x00000000000E0000 000024 (v02 VBOX  )
[    0.000000] ACPI: XSDT 0x000000001FFF0030 00003C (v01 VBOX   VBOXXSDT 00000001 ASL  00000061)
[    0.000000] ACPI: FACP 0x000000001FFF00F0 0000F4 (v04 VBOX   VBOXFACP 00000001 ASL  00000061)
[    0.000000] ACPI: DSDT 0x000000001FFF0470 00210F (v01 VBOX   VBOXBIOS 00000002 INTL 20100528)
[    0.000000] ACPI: FACS 0x000000001FFF0200 000040
[    0.000000] ACPI: FACS 0x000000001FFF0200 000040
[    0.000000] ACPI: APIC 0x000000001FFF0240 00005C (v02 VBOX   VBOXAPIC 00000001 ASL  00000061)
[    0.000000] ACPI: SSDT 0x000000001FFF02A0 0001CC (v01 VBOX   VBOXCPUT 00000002 INTL 20100528)
[    0.000000] No NUMA configuration found
[    0.000000] Faking a node at [mem 0x0000000000000000-0x000000001ffeffff]
[    0.000000] NODE_DATA(0) allocated [mem 0x1ffeb000-0x1ffeffff]
[    0.000000] kvm-clock: Using msrs 4b564d01 and 4b564d00
[    0.000000] kvm-clock: cpu 0, msr 0:1ffe7001, primary cpu clock
[    0.000000] kvm-clock: using sched offset of 6532491106 cycles
[    0.000000] clocksource: kvm-clock: mask: 0xffffffffffffffff max_cycles: 0x1cd42e4dffb, max_idle_ns: 881590591483 ns
[    0.000000] Zone ranges:
[    0.000000]   DMA      [mem 0x0000000000001000-0x0000000000ffffff]
[    0.000000]   DMA32    [mem 0x0000000001000000-0x000000001ffeffff]
[    0.000000]   Normal   empty
[    0.000000]   Device   empty
[    0.000000] Movable zone start for each node
[    0.000000] Early memory node ranges
[    0.000000]   node   0: [mem 0x0000000000001000-0x000000000009efff]
[    0.000000]   node   0: [mem 0x0000000000100000-0x000000001ffeffff]
[    0.000000] Initmem setup node 0 [mem 0x0000000000001000-0x000000001ffeffff]
[    0.000000] ACPI: PM-Timer IO Port: 0x4008
[    0.000000] IOAPIC[0]: apic_id 2, version 32, address 0xfec00000, GSI 0-23
[    0.000000] ACPI: INT_SRC_OVR (bus 0 bus_irq 0 global_irq 2 dfl dfl)
[    0.000000] ACPI: INT_SRC_OVR (bus 0 bus_irq 9 global_irq 9 high level)
[    0.000000] Using ACPI (MADT) for SMP configuration information
[    0.000000] smpboot: Allowing 2 CPUs, 0 hotplug CPUs
[    0.000000] PM: Registered nosave memory: [mem 0x00000000-0x00000fff]
[    0.000000] PM: Registered nosave memory: [mem 0x0009f000-0x0009ffff]
[    0.000000] PM: Registered nosave memory: [mem 0x000a0000-0x000effff]
[    0.000000] PM: Registered nosave memory: [mem 0x000f0000-0x000fffff]
[    0.000000] e820: [mem 0x20000000-0xfebfffff] available for PCI devices
[    0.000000] Booting paravirtualized kernel on KVM
[    0.000000] clocksource: refined-jiffies: mask: 0xffffffff max_cycles: 0xffffffff, max_idle_ns: 7645519600211568 ns
[    0.000000] setup_percpu: NR_CPUS:256 nr_cpumask_bits:256 nr_cpu_ids:2 nr_node_ids:1
[    0.000000] PERCPU: Embedded 33 pages/cpu @ffff88001fc00000 s98008 r8192 d28968 u1048576
[    0.000000] PV qspinlock hash table entries: 256 (order: 0, 4096 bytes)
[    0.000000] Built 1 zonelists in Node order, mobility grouping on.  Total pages: 128889
[    0.000000] Policy zone: DMA32
[    0.000000] Kernel command line: BOOT_IMAGE=/boot/vmlinuz-4.4.0-36-generic root=LABEL=cloudimg-rootfs ro console=tty1 console=ttyS0
[    0.000000] PID hash table entries: 2048 (order: 2, 16384 bytes)
[    0.000000] Memory: 489276K/523832K available (8394K kernel code, 1282K rwdata, 3944K rodata, 1480K init, 1292K bss, 34556K reserved, 0K cma-reserved)
[    0.000000] SLUB: HWalign=64, Order=0-3, MinObjects=0, CPUs=2, Nodes=1
[    0.000000] Hierarchical RCU implementation.
[    0.000000] 	Build-time adjustment of leaf fanout to 64.
[    0.000000] 	RCU restricting CPUs from NR_CPUS=256 to nr_cpu_ids=2.
[    0.000000] RCU: Adjusting geometry for rcu_fanout_leaf=64, nr_cpu_ids=2
[    0.000000] NR_IRQS:16640 nr_irqs:440 16
[    0.000000] Console: colour VGA+ 80x25
[    0.000000] console [tty1] enabled
[    0.000000] console [ttyS0] enabled
[    0.000000] tsc: Detected 2593.230 MHz processor
[    2.430450] Calibrating delay loop (skipped) preset value.. 5186.46 BogoMIPS (lpj=10372920)
[    2.485174] pid_max: default: 32768 minimum: 301
[    2.501769] ACPI: Core revision 20150930
[    2.516262] ACPI: 2 ACPI AML tables successfully acquired and loaded
[    2.536934] Security Framework initialized
[    2.561077] Yama: becoming mindful.
[    2.576692] AppArmor: AppArmor initialized
[    2.588418] Dentry cache hash table entries: 65536 (order: 7, 524288 bytes)
[    2.606006] Inode-cache hash table entries: 32768 (order: 6, 262144 bytes)
[    2.623065] Mount-cache hash table entries: 1024 (order: 1, 8192 bytes)
[    2.640451] Mountpoint-cache hash table entries: 1024 (order: 1, 8192 bytes)
[    2.657925] Initializing cgroup subsys io
[    2.669801] Initializing cgroup subsys memory
[    2.681875] Initializing cgroup subsys devices
[    2.693724] Initializing cgroup subsys freezer
[    2.705574] Initializing cgroup subsys net_cls
[    2.718593] Initializing cgroup subsys perf_event
[    2.731782] Initializing cgroup subsys net_prio
[    2.744843] Initializing cgroup subsys hugetlb
[    2.758931] Initializing cgroup subsys pids
[    2.774976] CPU: Physical Processor ID: 0
[    2.787787] CPU: Processor Core ID: 0
[    2.799615] mce: CPU supports 0 MCE banks
[    2.812123] Last level iTLB entries: 4KB 512, 2MB 8, 4MB 8
[    2.829011] Last level dTLB entries: 4KB 512, 2MB 32, 4MB 32, 1GB 0
[    2.865634] Freeing SMP alternatives memory: 28K (ffffffff820b4000 - ffffffff820bb000)
[    3.003577] ftrace: allocating 31996 entries in 125 pages
[    3.499420] smpboot: Max logical packages: 1
[    3.525695] smpboot: APIC(0) Converting physical 0 to logical package 0
[    3.551723] x2apic enabled
[    3.565080] Switched APIC routing to physical x2apic.
[    3.639942] ..TIMER: vector=0x30 apic1=0 pin1=2 apic2=-1 pin2=-1
[    3.767859] APIC calibration not consistent with PM-Timer: 97ms instead of 100ms
[    3.792572] APIC delta adjusted to PM-Timer: 6311617 (6168001)
[    3.808752] smpboot: CPU0: Intel(R) Core(TM) i5-3230M CPU @ 2.60GHz (family: 0x6, model: 0x3a, stepping: 0x9)
[    3.843898] Performance Events: unsupported p6 CPU model 58 no PMU driver, software events only.
[    3.872962] KVM setup paravirtual spinlock
[    3.891144] x86: Booting SMP configuration:
[    3.919809] .... node  #0, CPUs:      #1
[    3.936867] kvm-clock: cpu 1, msr 0:1ffe7041, secondary cpu clock
[    4.031179] mce: CPU supports 0 MCE banks
[    4.122565] x86: Booted up 1 node, 2 CPUs
[    4.142442] smpboot: Total of 2 processors activated (10372.92 BogoMIPS)
[    4.177866] devtmpfs: initialized
[    4.196521] evm: security.selinux
[    4.215701] evm: security.SMACK64
[    4.265826] evm: security.SMACK64EXEC
[    4.330007] evm: security.SMACK64TRANSMUTE
[    4.352603] evm: security.SMACK64MMAP
[    4.364704] evm: security.ima
[    4.375609] evm: security.capability
[    4.387490] clocksource: jiffies: mask: 0xffffffff max_cycles: 0xffffffff, max_idle_ns: 7645041785100000 ns
[    4.415251] pinctrl core: initialized pinctrl subsystem
[    4.432702] RTC time:  4:45:21, date: 09/05/16
[    4.455629] NET: Registered protocol family 16
[    4.491513] cpuidle: using governor ladder
[    4.514480] cpuidle: using governor menu
[    4.525850] PCCT header not found.
[    4.538189] ACPI: bus type PCI registered
[    4.555436] acpiphp: ACPI Hot Plug PCI Controller Driver version: 0.5
[    4.582629] PCI: Using configuration type 1 for base access
[    4.656576] ACPI: Added _OSI(Module Device)
[    4.720725] ACPI: Added _OSI(Processor Device)
[    4.737486] ACPI: Added _OSI(3.0 _SCP Extensions)
[    4.752014] ACPI: Added _OSI(Processor Aggregator Device)
[    4.769499] ACPI: Executed 1 blocks of module-level executable AML code
[    4.793271] ACPI: Interpreter enabled
[    4.806970] ACPI Exception: AE_NOT_FOUND, While evaluating Sleep State [\_S1_] (20150930/hwxface-580)
[    4.837796] ACPI Exception: AE_NOT_FOUND, While evaluating Sleep State [\_S2_] (20150930/hwxface-580)
[    4.886096] ACPI Exception: AE_NOT_FOUND, While evaluating Sleep State [\_S3_] (20150930/hwxface-580)
[    4.913067] ACPI Exception: AE_NOT_FOUND, While evaluating Sleep State [\_S4_] (20150930/hwxface-580)
[    4.958291] ACPI: (supports S0 S5)
[    4.998012] ACPI: Using IOAPIC for interrupt routing
[    5.075181] PCI: Using host bridge windows from ACPI; if necessary, use "pci=nocrs" and report a bug
[    5.180122] ACPI: PCI Root Bridge [PCI0] (domain 0000 [bus 00-ff])
[    5.223076] acpi PNP0A03:00: _OSC: OS supports [ASPM ClockPM Segments MSI]
[    5.353793] acpi PNP0A03:00: _OSC failed (AE_NOT_FOUND); disabling ASPM
[    5.397445] acpi PNP0A03:00: fail to add MMCONFIG information, can't access extended PCI configuration space under this bridge.
[    5.514933] PCI host bridge to bus 0000:00
[    5.608390] pci_bus 0000:00: root bus resource [io  0x0000-0x0cf7 window]
[    5.644102] pci_bus 0000:00: root bus resource [io  0x0d00-0xffff window]
[    5.704380] pci_bus 0000:00: root bus resource [mem 0x000a0000-0x000bffff window]
[    5.979859] pci_bus 0000:00: root bus resource [mem 0x20000000-0xffdfffff window]
[    6.174947] pci_bus 0000:00: root bus resource [bus 00-ff]
[    6.219394] pci 0000:00:01.1: legacy IDE quirk: reg 0x10: [io  0x01f0-0x01f7]
[    6.249663] pci 0000:00:01.1: legacy IDE quirk: reg 0x14: [io  0x03f6]
[    6.346673] pci 0000:00:01.1: legacy IDE quirk: reg 0x18: [io  0x0170-0x0177]
[    6.371228] pci 0000:00:01.1: legacy IDE quirk: reg 0x1c: [io  0x0376]
[    6.630798] pci 0000:00:07.0: quirk: [io  0x4000-0x403f] claimed by PIIX4 ACPI
[    6.727257] pci 0000:00:07.0: quirk: [io  0x4100-0x410f] claimed by PIIX4 SMB
[    6.999825] ACPI: PCI Interrupt Link [LNKA] (IRQs 5 9 10 *11)
[    7.028573] ACPI: PCI Interrupt Link [LNKB] (IRQs 5 9 10 *11)
[    7.193306] ACPI: PCI Interrupt Link [LNKC] (IRQs 5 9 *10 11)
[    7.313787] ACPI: PCI Interrupt Link [LNKD] (IRQs 5 *9 10 11)
[    7.435680] ACPI: Enabled 2 GPEs in block 00 to 07
[    7.539709] vgaarb: setting as boot device: PCI:0000:00:02.0
[    7.658024] vgaarb: device added: PCI:0000:00:02.0,decodes=io+mem,owns=io+mem,locks=none
[    7.739297] vgaarb: loaded
[    7.839605] vgaarb: bridge control possible 0000:00:02.0
[    8.036973] SCSI subsystem initialized
[    8.052997] ACPI: bus type USB registered
[    8.141298] usbcore: registered new interface driver usbfs
[    8.160900] usbcore: registered new interface driver hub
[    8.255082] usbcore: registered new device driver usb
[    8.351177] PCI: Using ACPI for IRQ routing
[    8.450504] NetLabel: Initializing
[    8.548917] NetLabel:  domain hash size = 128
[    8.634478] NetLabel:  protocols = UNLABELED CIPSOv4
[    8.718589] NetLabel:  unlabeled traffic allowed by default
[    8.806541] amd_nb: Cannot enumerate AMD northbridges
[    8.895059] clocksource: Switched to clocksource kvm-clock
[    9.086266] AppArmor: AppArmor Filesystem Enabled
[    9.099910] pnp: PnP ACPI init
[    9.267292] pnp: PnP ACPI: found 3 devices
[    9.378415] clocksource: acpi_pm: mask: 0xffffff max_cycles: 0xffffff, max_idle_ns: 2085701024 ns
[    9.504422] NET: Registered protocol family 2
[    9.613282] TCP established hash table entries: 4096 (order: 3, 32768 bytes)
[    9.716774] TCP bind hash table entries: 4096 (order: 4, 65536 bytes)
[    9.817645] TCP: Hash tables configured (established 4096 bind 4096)
[    9.944727] UDP hash table entries: 256 (order: 1, 8192 bytes)
[   10.080199] UDP-Lite hash table entries: 256 (order: 1, 8192 bytes)
[   10.163286] NET: Registered protocol family 1
[   10.248512] pci 0000:00:00.0: Limiting direct PCI/PCI transfers
[   10.365465] pci 0000:00:01.0: Activating ISA DMA hang workarounds
[   10.622799] Trying to unpack rootfs image as initramfs...
[   12.873075] Freeing initrd memory: 7284K (ffff88001f05c000 - ffff88001f779000)
[   12.893029] RAPL PMU detected, API unit is 2^-32 Joules, 3 fixed counters 10737418240 ms ovfl timer
[   12.999218] hw unit of domain pp0-core 2^-0 Joules
[   13.075591] hw unit of domain package 2^-0 Joules
[   13.089221] hw unit of domain pp1-gpu 2^-0 Joules
[   13.183268] platform rtc_cmos: registered platform RTC device (no PNP device found)
[   13.301751] Scanning for low memory corruption every 60 seconds
[   13.385503] futex hash table entries: 512 (order: 3, 32768 bytes)
[   13.464727] audit: initializing netlink subsys (disabled)
[   13.576478] audit: type=2000 audit(1473050732.693:1): initialized
[   13.660782] Initialise system trusted keyring
[   13.735820] HugeTLB registered 2 MB page size, pre-allocated 0 pages
[   13.753606] zbud: loaded
[   13.820494] VFS: Disk quotas dquot_6.6.0
[   13.836048] VFS: Dquot-cache hash table entries: 512 (order 0, 4096 bytes)
[   13.906941] squashfs: version 4.0 (2009/01/31) Phillip Lougher
[   13.998932] fuse init (API version 7.23)
[   14.011183] Key type big_key registered
[   14.021470] Allocating IMA MOK and blacklist keyrings.
[   14.113667] Key type asymmetric registered
[   14.128831] Asymmetric key parser 'x509' registered
[   14.142914] Block layer SCSI generic (bsg) driver version 0.4 loaded (major 249)
[   14.217537] io scheduler noop registered
[   14.292881] io scheduler deadline registered (default)
[   14.307112] io scheduler cfq registered
[   14.318604] pci_hotplug: PCI Hot Plug PCI Core version: 0.5
[   14.334632] pciehp: PCI Express Hot Plug Controller Driver version: 0.4
[   14.351113] ACPI: AC Adapter [AC] (on-line)
[   14.361882] input: Power Button as /devices/LNXSYSTM:00/LNXPWRBN:00/input/input0
[   14.380720] ACPI: Power Button [PWRF]
[   14.393742] input: Sleep Button as /devices/LNXSYSTM:00/LNXSLPBN:00/input/input1
[   14.420244] ACPI: Sleep Button [SLPF]
[   14.533007] GHES: HEST is not enabled!
[   14.562556] Serial: 8250/16550 driver, 32 ports, IRQ sharing enabled
[   14.708248] 00:02: ttyS0 at I/O 0x3f8 (irq = 4, base_baud = 115200) is a 16550A
[   14.732547] Linux agpgart interface v0.103
[   14.820694] brd: module loaded
[   14.931032] loop: module loaded
[   15.022525] scsi host0: ata_piix
[   15.054548] scsi host1: ata_piix
[   15.128467] ata1: PATA max UDMA/33 cmd 0x1f0 ctl 0x3f6 bmdma 0xd000 irq 14
[   15.146987] ata2: PATA max UDMA/33 cmd 0x170 ctl 0x376 bmdma 0xd008 irq 15
[   15.225800] libphy: Fixed MDIO Bus: probed
[   15.287227] tun: Universal TUN/TAP device driver, 1.6
[   15.302334] tun: (C) 1999-2004 Max Krasnyansky <maxk@qualcomm.com>
[   15.320363] PPP generic driver version 2.4.2
[   15.334539] ehci_hcd: USB 2.0 'Enhanced' Host Controller (EHCI) Driver
[   15.351146] ehci-pci: EHCI PCI platform driver
[   15.362508] ehci-platform: EHCI generic platform driver
[   15.375446] ohci_hcd: USB 1.1 'Open' Host Controller (OHCI) Driver
[   15.456287] ohci-pci: OHCI PCI platform driver
[   15.546923] ohci-platform: OHCI generic platform driver
[   15.623010] uhci_hcd: USB Universal Host Controller Interface driver
[   15.699516] i8042: PNP: PS/2 Controller [PNP0303:PS2K,PNP0f03:PS2M] at 0x60,0x64 irq 1,12
[   15.876505] serio: i8042 KBD port at 0x60,0x64 irq 1
[   15.895775] serio: i8042 AUX port at 0x60,0x64 irq 12
[   15.999925] mousedev: PS/2 mouse device common for all mice
[   16.021711] input: AT Translated Set 2 keyboard as /devices/platform/i8042/serio0/input/input2
[   16.112740] rtc_cmos rtc_cmos: rtc core: registered rtc_cmos as rtc0
[   16.144173] rtc_cmos rtc_cmos: alarms up to one day, 114 bytes nvram
[   16.230996] i2c /dev entries driver
[   16.243381] device-mapper: uevent: version 1.0.3
[   16.257677] device-mapper: ioctl: 4.34.0-ioctl (2015-10-28) initialised: dm-devel@redhat.com
[   16.598700] ledtrig-cpu: registered to indicate activity on CPUs
[   16.616086] NET: Registered protocol family 10
[   16.682503] NET: Registered protocol family 17
[   16.761102] Key type dns_resolver registered
[   16.772701] microcode: CPU0 sig=0x306a9, pf=0x2, revision=0x19
[   16.846060] microcode: CPU1 sig=0x306a9, pf=0x2, revision=0x19
[   16.859651] microcode: Microcode Update Driver: v2.01 <tigran@aivazian.fsnet.co.uk>, Peter Oruba
[   16.928537] registered taskstats version 1
[   17.023926] Loading compiled-in X.509 certificates
[   17.105521] Loaded X.509 cert 'Build time autogenerated kernel key: 181cd957879f68b474ab1d0c92722cd44e756f77'
[   17.179166] zswap: loaded using pool lzo/zbud
[   17.254629] Key type trusted registered
[   17.416773] Key type encrypted registered
[   17.439276] AppArmor: AppArmor sha1 policy hashing enabled
[   17.558749] ima: No TPM chip found, activating TPM-bypass!
[   17.652306] evm: HMAC attrs: 0x1
[   17.730282]   Magic number: 0:52:767
[   17.798078] rtc_cmos rtc_cmos: setting system clock to 2016-09-05 04:45:35 UTC (1473050735)
[   17.889024] BIOS EDD facility v0.16 2004-Jun-25, 0 devices found
[   17.904129] EDD information not available.
[   17.970420] Freeing unused kernel memory: 1480K (ffffffff81f42000 - ffffffff820b4000)
[   18.089324] Write protecting the kernel read-only data: 14336k
[   18.173263] Freeing unused kernel memory: 1832K (ffff880001836000 - ffff880001a00000)
[   18.253671] Freeing unused kernel memory: 152K (ffff880001dda000 - ffff880001e00000)
Loading, please wait...
starting version 229
[   18.440187] random: systemd-udevd urandom read with 4 bits of entropy available
[   18.763573] e1000: Intel(R) PRO/1000 Network Driver - version 7.3.21-k8-NAPI
[   18.778766] e1000: Copyright (c) 1999-2006 Intel Corporation.
[   18.926205] Fusion MPT base driver 3.04.20
[   18.936674] Copyright (c) 1999-2008 LSI Corporation
[   19.143562] Fusion MPT SPI Host driver 3.04.20
[   19.394682] AVX version of gcm_enc/dec engaged.
[   19.410466] AES CTR mode by8 optimization enabled
[   19.639549] input: ImExPS/2 Generic Explorer Mouse as /devices/platform/i8042/serio1/input/input4
[   20.899517] e1000 0000:00:03.0 eth0: (PCI:33MHz:32-bit) 02:5a:d0:89:04:70
[   20.917541] e1000 0000:00:03.0 eth0: Intel(R) PRO/1000 Network Connection
[   21.013194] mptbase: ioc0: Initiating bringup
[   21.080744] e1000 0000:00:03.0 enp0s3: renamed from eth0
[   21.307730] ioc0: LSI53C1030 A0: Capabilities={Initiator}
[   21.616840] scsi host2: ioc0: LSI53C1030 A0, FwRev=00000000h, Ports=1, MaxQ=256, IRQ=20
[   21.806423] scsi 2:0:0:0: Direct-Access     VBOX     HARDDISK         1.0  PQ: 0 ANSI: 5
[   21.829718] scsi target2:0:0: Beginning Domain Validation
[   21.916239] scsi target2:0:0: Domain Validation skipping write tests
[   22.017811] scsi target2:0:0: Ending Domain Validation
[   22.098446] scsi target2:0:0: asynchronous
[   22.173320] scsi 2:0:1:0: Direct-Access     VBOX     HARDDISK         1.0  PQ: 0 ANSI: 5
[   22.256942] scsi target2:0:1: Beginning Domain Validation
[   22.347028] floppy0: no floppy controllers found
[   22.430826] scsi target2:0:1: Domain Validation skipping write tests
[   22.473854] scsi target2:0:1: Ending Domain Validation
[   22.487446] scsi target2:0:1: asynchronous
[   22.810792] sd 2:0:0:0: [sda] 20971520 512-byte logical blocks: (10.7 GB/10.0 GiB)
[   22.955475] sd 2:0:0:0: Attached scsi generic sg0 type 0
[   23.049526] sd 2:0:0:0: [sda] Write Protect is off
[   23.061994] sd 2:0:1:0: Attached scsi generic sg1 type 0
[   23.062703] sd 2:0:1:0: [sdb] 20480 512-byte logical blocks: (10.5 MB/10.0 MiB)
[   23.062973] sd 2:0:0:0: [sda] Incomplete mode parameter data
[   23.062974] sd 2:0:0:0: [sda] Assuming drive cache: write through
[   23.063592] sd 2:0:1:0: [sdb] Write Protect is off
[   23.064430] sd 2:0:1:0: [sdb] Incomplete mode parameter data
[   23.064431] sd 2:0:1:0: [sdb] Assuming drive cache: write through
[   23.070006]  sda: sda1
[   23.071721] sd 2:0:1:0: [sdb] Attached SCSI disk
[   23.073281] sd 2:0:0:0: [sda] Attached SCSI disk
[   31.736072] mptscsih: ioc0: attempting task abort! (sc=ffff88001e5a1380)
[   31.753307] sd 2:0:0:0: [sda] tag#1 CDB: Inquiry 12 00 00 00 fe 00
[   32.834254] mptscsih: ioc0: task abort: FAILED (rv=2003) (sc=ffff88001e5a1380)
[   32.855090] mptscsih: ioc0: attempting target reset! (sc=ffff88001e5a1380)
[   32.955384] sd 2:0:0:0: [sda] tag#1 CDB: Inquiry 12 00 00 00 fe 00
[   35.889326] mptscsih: ioc0: target reset: SUCCESS (sc=ffff88001e5a1380)
Begin: Loading essential drivers ... [   44.301061] md: linear personality registered for level -1
[   44.320752] md: multipath personality registered for level -4
[   44.392839] md: raid0 personality registered for level 0
[   44.559055] md: raid1 personality registered for level 1
[   44.659037] raid6: sse2x1   gen()  5438 MB/s
[   44.742375] raid6: sse2x1   xor()   876 MB/s
[   44.823163] raid6: sse2x2   gen()  5454 MB/s
[   44.933123] raid6: sse2x2   xor()  4304 MB/s
[   45.081866] raid6: sse2x4   gen()  9505 MB/s
[   45.186124] raid6: sse2x4   xor()  5347 MB/s
[   45.205751] raid6: using algorithm sse2x4 gen() 9505 MB/s
[   45.273990] raid6: .... xor() 5347 MB/s, rmw enabled
[   45.361908] raid6: using ssse3x2 recovery algorithm
[   45.448115] xor: automatically using best checksumming function:
[   45.688105]    avx       : 17971.000 MB/sec
[   45.704085] async_tx: api initialized (async)
[   45.851551] md: raid6 personality registered for level 6
[   45.865742] md: raid5 personality registered for level 5
[   45.937379] md: raid4 personality registered for level 4
[   46.028461] md: raid10 personality registered for level 10
done.
Begin: Running /scripts/init-premount ... done.
Begin: Mounting root file system ... Begin: Running /scripts/local-top ... done.
Begin: Running /scripts/local-premount ... [   46.313163] Btrfs loaded
Scanning for Btrfs filesystems
done.
Warning: fsck not present, so skipping root file system
[   46.636524] EXT4-fs (sda1): mounted filesystem with ordered data mode. Opts: (null)
done.
Begin: Running /scripts/local-bottom ... done.
Begin: Running /scripts/init-bottom ... Warning: overlayroot: debug is busted
done.
[   47.081993] systemd[1]: systemd 229 running in system mode. (+PAM +AUDIT +SELINUX +IMA +APPARMOR +SMACK +SYSVINIT +UTMP +LIBCRYPTSETUP +GCRYPT +GNUTLS +ACL +XZ -LZ4 +SECCOMP +BLKID +ELFUTILS +KMOD -IDN)
[   47.122829] systemd[1]: Detected virtualization oracle.
[   47.199427] systemd[1]: Detected architecture x86-64.

Welcome to [1mUbuntu 16.04.1 LTS[0m!

[   47.372530] systemd[1]: Set hostname to <ubuntu>.
[   47.472986] systemd[1]: Initializing machine ID from random generator.
[   47.489419] systemd[1]: Installed transient /etc/machine-id file.
[   47.765897] random: nonblocking pool is initialized
[   48.128851] systemd[1]: Listening on LVM2 metadata daemon socket.
[[0;32m  OK  [0m] Listening on LVM2 metadata daemon socket.
[   48.228601] systemd[1]: Listening on udev Kernel Socket.
[[0;32m  OK  [0m] Listening on udev Kernel Socket.
[   48.254382] systemd[1]: Started Forward Password Requests to Wall Directory Watch.
[[0;32m  OK  [0m] Started Forward Password Requests to Wall Directory Watch.
[   48.436465] systemd[1]: Reached target User and Group Name Lookups.
[[0;32m  OK  [0m] Reached target User and Group Name Lookups.
[   48.542884] systemd[1]: Listening on LVM2 poll daemon socket.
[[0;32m  OK  [0m] Listening on LVM2 poll daemon socket.
[   48.667618] systemd[1]: Created slice User and Session Slice.
[[0;32m  OK  [0m] Created slice User and Session Slice.
[   48.761832] systemd[1]: Listening on /dev/initctl Compatibility Named Pipe.
[[0;32m  OK  [0m] Listening on /dev/initctl Compatibility Named Pipe.
[   48.917832] systemd[1]: Set up automount Arbitrary Executable File Formats File System Automount Point.
[[0;32m  OK  [0m] Set up automount Arbitrary Executab...ats File System Automount Point.
[   49.077401] systemd[1]: Listening on Syslog Socket.
[[0;32m  OK  [0m] Listening on Syslog Socket.
[   49.199736] systemd[1]: Listening on Journal Socket (/dev/log).
[[0;32m  OK  [0m] Listening on Journal Socket (/dev/log).
[   49.377435] systemd[1]: Created slice System Slice.
[[0;32m  OK  [0m] Created slice System Slice.
[   49.584616] systemd[1]: Reached target Slices.
[[0;32m  OK  [0m] Reached target Slices.
[   49.766729] systemd[1]: Listening on Journal Audit Socket.
[[0;32m  OK  [0m] Listening on Journal Audit Socket.
[   49.802176] systemd[1]: Listening on Device-mapper event daemon FIFOs.
[[0;32m  OK  [0m] Listening on Device-mapper event daemon FIFOs.
[   49.926435] systemd[1]: Listening on udev Control Socket.
[[0;32m  OK  [0m] Listening on udev Control Socket.
[   50.015425] systemd[1]: Created slice system-serial\x2dgetty.slice.
[[0;32m  OK  [0m] Created slice system-serial\x2dgetty.slice.
[   50.108106] systemd[1]: Reached target Swap.
[[0;32m  OK  [0m] Reached target Swap.
[   50.141856] systemd[1]: Reached target Encrypted Volumes.
[[0;32m  OK  [0m] Reached target Encrypted Volumes.
[   50.177484] systemd[1]: Listening on Journal Socket.
[[0;32m  OK  [0m] Listening on Journal Socket.
[   50.304277] systemd[1]: Starting Monitoring of LVM2 mirrors, snapshots etc. using dmeventd or progress polling...
         Starting Monitoring of LVM2 mirrors... dmeventd or progress polling...
[   50.453839] systemd[1]: Starting Uncomplicated firewall...
         Starting Uncomplicated firewall...
[   50.535024] systemd[1]: Starting Remount Root and Kernel File Systems...
         Starting Remount Root and Kernel File Systems...
[   50.716497] systemd[1]: Starting Set console keymap...
         Starting Set console keymap...
[   50.763139] EXT4-fs (sda1): re-mounted. Opts: (null)
[   50.825859] systemd[1]: Starting Journal Service...
         Starting Journal Service...
[   51.009309] systemd[1]: Mounting Huge Pages File System...
         Mounting Huge Pages File System...
[   51.152186] systemd[1]: Starting Nameserver information manager...
         Starting Nameserver information manager...
[   51.211348] systemd[1]: Starting Load Kernel Modules...
         Starting Load Kernel Modules...
[   51.305737] systemd[1]: Mounting POSIX Message Queue File System...
         Mounting POSIX Message Queue File System...
[   51.479045] systemd[1]: Mounting Debug File System...
         Mounting Debug File System...
[   51.782496] Loading iSCSI transport class v2.0-870.
[   51.784242] systemd[1]: Starting Create list of required static device nodes for the current kernel...
         Starting Create list of required st... nodes for the current kernel...
[   52.012652] systemd[1]: Mounted POSIX Message Queue File System.
[[0;32m  OK  [0m] Mounted POSIX Message Queue File System.
[   52.180271] systemd[1]: Mounted Huge Pages File System.
[[0;32m  OK  [0m] Mounted Huge Pages File System.
[   52.407607] systemd[1]: Mounted Debug File System.
[[0;32m  OK  [0m] Mounted Debug File System.
[   52.507813] systemd[1]: Started Journal Service.
[[0;32m  OK  [0m] Started Journal Service.
[   52.626586] iscsi: registered transport (tcp)
[[0;32m  OK  [0m] Started Uncomplicated firewall.
[[0;32m  OK  [0m] Started Remount Root and Kernel File Systems.
[[0;32m  OK  [0m] Started Set console keymap.
[[0;32m  OK  [0m] Started Create list of required sta...ce nodes for the current kernel.
[[0;32m  OK  [0m] Started Nameserver information manager.
[   52.958539] iscsi: registered transport (iser)
[[0;32m  OK  [0m] Started LVM2 metadata daemon.
         Starting Create Static Device Nodes in /dev...
         Starting udev Coldplug all Devices...
         Starting Load/Save Random Seed...
         Starting Flush Journal to Persistent Storage...
[[0;32m  OK  [0m] Started Load Kernel Modules.
[[0;32m  OK  [0m] Started Create Static Device Nodes in /dev.
[[0;32m  OK  [0m] Started Load/Save Random Seed.
[[0;32m  OK  [0m] Started udev Coldplug all Devices.
[   53.344233] systemd-journald[789]: Received request to flush runtime journal from PID 1
         Starting udev Kernel Device Manager...
         Starting Apply Kernel Variables...
         Mounting FUSE Control File System...
[[0;32m  OK  [0m] Mounted FUSE Control File System.
[[0;32m  OK  [0m] Started Flush Journal to Persistent Storage.
[[0;32m  OK  [0m] Started Apply Kernel Variables.
[[0;32m  OK  [0m] Started Monitoring of LVM2 mirrors,...ng dmeventd or progress polling.
[[0;32m  OK  [0m] Started udev Kernel Device Manager.
[[0;32m  OK  [0m] Started Dispatch Password Requests to Console Directory Watch.
[[0;32m  OK  [0m] Reached target Local File Systems (Pre).
[[0;32m  OK  [0m] Reached target Local File Systems.
         Starting Commit a transient machine-id on disk...
         Starting Initial cloud-init job (pre-networking)...
         Starting Tell Plymouth To Write Out Runtime Data...
         Starting Set console font and keymap...
         Starting LSB: AppArmor initialization...
         Starting Create Volatile Files and Directories...
[[0;32m  OK  [0m] Started Commit a transient machine-id on disk.
[[0;32m  OK  [0m] Started Tell Plymouth To Write Out Runtime Data.
[[0;32m  OK  [0m] Started Create Volatile Files and Directories.
         Starting Update UTMP about System Boot/Shutdown...
         Starting Network Time Synchronization...
[[0;32m  OK  [0m] Started Update UTMP about System Boot/Shutdown.
[[0;32m  OK  [0m] Started Network Time Synchronization.
[[0;32m  OK  [0m] Reached target System Time Synchronized.
[[0;32m  OK  [0m] Found device /dev/ttyS0.
[[0;32m  OK  [0m] Started LSB: AppArmor initialization.
[[0;32m  OK  [0m] Listening on Load/Save RF Kill Switch Status /dev/rfkill Watch.
[[0;32m  OK  [0m] Reached target System Initialization.
[   58.534785] cloud-init[955]: Cloud-init v. 0.7.7 running 'init-local' at Mon, 05 Sep 2016 04:46:22 +0000. Up 57.53 seconds.
[[0;32m  OK  [0m] Started ACPI Events Check.
[[0;32m  OK  [0m] Started Daily Cleanup of Temporary Directories.
[[0;32m  OK  [0m] Started Timer to automatically refresh installed snaps.
[[0;32m  OK  [0m] Started Trigger resolvconf update for networkd DNS.
[[0;32m  OK  [0m] Reached target Paths.
         Starting Socket activation for snappy daemon.
[[0;32m  OK  [0m] Listening on D-Bus System Message Bus Socket.
[[0;32m  OK  [0m] Listening on UUID daemon activation socket.
[[0;32m  OK  [0m] Started Daily apt activities.
[[0;32m  OK  [0m] Reached target Timers.
         Starting LXD - unix socket.
[[0;32m  OK  [0m] Listening on ACPID Listen Socket.
[[0;32m  OK  [0m] Started Set console font and keymap.
[[0;32m  OK  [0m] Listening on Socket activation for snappy daemon.
[[0;32m  OK  [0m] Listening on LXD - unix socket.
[[0;32m  OK  [0m] Started Initial cloud-init job (pre-networking).
[[0;32m  OK  [0m] Reached target Network (Pre).
         Starting Raise network interfaces...
[[0;32m  OK  [0m] Reached target Sockets.
[[0;32m  OK  [0m] Reached target Basic System.
         Starting LXD - container startup/shutdown...
[[0;32m  OK  [0m] Started Regular background program processing daemon.
         Starting Accounts Service...
         Starting LSB: MD monitoring daemon...
         Starting System Logging Service...
[[0;32m  OK  [0m] Started D-Bus System Message Bus.
[[0;32m  OK  [0m] Started Deferred execution scheduler.
[[0;32m  OK  [0m] Started Snappy daemon.
         Starting Login Service...
[[0;32m  OK  [0m] Started ACPI event daemon.
[[0;32m  OK  [0m] Started FUSE filesystem for LXC.
         Starting LSB: Record successful boot for GRUB...
[[0;32m  OK  [0m] Created slice system-getty.slice.
[[0;32m  OK  [0m] Started System Logging Service.
[[0;32m  OK  [0m] Started LXD - container startup/shutdown.
[[0;1;31mFAILED[0m] Failed to start LSB: MD monitoring daemon.
See 'systemctl status mdadm.service' for details.
[[0;32m  OK  [0m] Started LSB: Record successful boot for GRUB.
[[0;32m  OK  [0m] Started Raise network interfaces.
[[0;32m  OK  [0m] Reached target Network.
         Starting Initial cloud-init job (metadata service crawler)...
[  117.094532] cloud-init[2038]: Cloud-init v. 0.7.7 running 'init' at Mon, 05 Sep 2016 04:47:18 +0000. Up 114.24 seconds.
[  117.193800] cloud-init[2038]: ci-info: +++++++++++++++++++++++++++++++++++++Net device info+++++++++++++++++++++++++++++++++++++
[  117.217814] cloud-init[2038]: ci-info: +--------+------+---------------------------+---------------+-------+-------------------+
[  117.360625] [cloud-init[0;32m  OK  [0m[2038]: ] ci-info: | Device |  Up  |          Address          |      Mask     | Scope |     Hw-Address    |Started Initial cloud-init job (metadata service crawler).

[  117.410290] cloud-init[2038]: ci-info: +--------+------+---------------------------+---------------+-------+-------------------+
[[0;32m  OK  [0m] Reached target Cloud-config availability.
[  117.482623] cloud-init[2038]: ci-info: |   lo   | True |         127.0.0.1         |   255.0.0.0   |   .   |         .         |
[  117.596379] cloud-init[2038]: ci-info: |   lo   | True |          ::1/128          |       .       |  host |         .         |
[  117.599596] cloud-init[2038]: ci-info: | enp0s3 | True |         10.0.2.15         | 255.255.255.0 |   .   | 02:5a:d0:89:04:70 |
[  117.604393] cloud-init[2038]: ci-info: | enp0s3 | True | fe80::5a:d0ff:fe89:470/64 |       .       |  link | 02:5a:d0:89:04:70 |
[[0;32m  OK  [0m] Reached target Network is Online.
[  117.604561] cloud-init[2038]: ci-info: +--------+------+---------------------------+---------------+-------+-------------------+
[  117.738823] cloud-init[2038]: ci-info: +++++++++++++++++++++++++++Route IPv4 info++++++++++++++++++++++++++++
[  117.741773] cloud-init[2038]: ci-info: +-------+-------------+----------+---------------+-----------+-------+
         Starting /etc/rc.local Compatibility...
[  117.746240] cloud-init[2038]: ci-info: | Route | Destination | Gateway  |    Genmask    | Interface | Flags |
         Starting iSCSI initiator daemon (iscsid)...
[  117.994720] cloud-init[2038]: ci-info: +-------+-------------+----------+---------------+-----------+-------+
[  118.089040] cloud-init[2038]: ci-info: |   0   |   0.0.0.0   | 10.0.2.2 |    0.0.0.0    |   enp0s3  |   UG  |
[  118.089309] cloud-init[2038]: ci-info: |   1   |   10.0.2.0  | 0.0.0.0  | 255.255.255.0 |   enp0s3  |   U   |
[  118.089388] cloud-init[2038]: ci-info: +-------+-------------+----------+---------------+-----------+-------+
[  118.091495] cloud-init[2038]: Generating public/private rsa key pair.
[  118.091545] cloud-init[2038]: Your identification has been saved in /etc/ssh/ssh_host_rsa_key.
[  118.091591] cloud-init[2038]: Your public key has been saved in /etc/ssh/ssh_host_rsa_key.pub.
[  118.091877] cloud-init[2038]: The key fingerprint is:
[  118.091930] cloud-init[2038]: SHA256:8RX0+xT2PVPHoijZ/4uYvwiDNpdpEbEZ+79ah5616zg root@ubuntu-xenial
[  118.091984] cloud-init[2038]: The key's randomart image is:
[  118.092028] cloud-init[2038]: +---[RSA 2048]----+
[  118.092072] cloud-init[2038]: |        o  .o    |
[  118.092118] cloud-init[2038]: |         *   o . |
[  118.092160] cloud-init[2038]: |        *   . oo+|
[  118.092205] cloud-init[2038]: |         B o ..o*|
[  118.092248] cloud-init[2038]: |        S = . .o+|
[  118.092292] cloud-init[2038]: |       . = o . oo|
[  118.092337] cloud-init[2038]: |      + B   = o .|
         Starting Pollinate to seed the pseudo random number generator...
[  118.092620] cloud-init[2038]: |     . + o *EO . |
[  118.842221] cloud-init[2038]: |          =oO+*o |
         Starting Apply the settings specified in cloud-config...
[[0;32m  OK  [0m] Started /etc/rc.local Compatibility.[  118.856525] cloud-init[2038]: +----[SHA256]-----+

[  118.923100] cloud-init[2038]: Generating public/private dsa key pair.
[  118.963297] cloud-init[2038]: Your identification has been saved in /etc/ssh/ssh_host_dsa_key.
[[0;32m  OK  [0m] Started iSCSI initiator daemon (iscsid).
[  119.162472] cloud-init[2038]: Your public key has been saved in /etc/ssh/ssh_host_dsa_key.pub.
         [  119.349837] cloud-init[2038]: The key fingerprint is:
[  119.350135] cloud-init[2038]: SHA256:jhdmzIfpKKBis0hgaSuT5qPVaqWW8k4Yk7J8iySRJfw root@ubuntu-xenial
[  119.350231] cloud-init[2038]: The key's randomart image is:
[  119.350331] cloud-init[2038]: +---[DSA 1024]----+
[  119.350419] cloud-init[2038]: |                 |
[  119.350508] cloud-init[2038]: |.                |
Starting Login to default iSCSI targets...
[  119.351033] cloud-init[2038]: |...              |
[  119.810221] cloud-init[2038]: | =o    o o       |
[  119.882136] cloud-init[2038]: |O+.E    S .      |
[[0;32m  OK  [0m] Started Login to default iSCSI targets.
[  119.940722] cloud-init[2038]: |*O.o.  B o       |
[[0;32m  OK  [0m] Reached target Remote File Systems (Pre).
[[0;32m  OK  [0m] Reached target Remote File Systems.
[  119.986728] cloud-init[2038]: |XOo=o o +        |
[  120.076969]          Starting LSB: daemon to balance interrupts for SMP systems...
         Starting LSB: Set the CPU Frequency Scaling governor to "ondemand"...
cloud-init         Starting Permit User Sessions...
         Starting LSB: automatic crash report generation...
[2038]: |%=X... .         |
[  120.276162] [cloud-init[2038]: |+X=.             |
[0;32m  OK  [0m] Started Permit User Sessions.
[  120.351270] cloud-init[2038]: +----[SHA256]-----+
         Starting Hold until boot process finishes up...
[  120.437568] cloud-init[2038]: Generating public/private ecdsa key pair.
         Starting Terminate Plymouth Boot Screen...
[  120.559470] cloud-init[2038]: Your identification has been saved in /etc/ssh/ssh_host_ecdsa_key.
[[0;32m  OK  [0m] Started LSB: daemon to balance interrupts for SMP systems.
[[0;32m  OK  [0m] Started LSB: Set the CPU Frequency Scaling governor to "ondemand".
[[0;32m  OK  [0m] Started LSB: automatic crash report generation.
[[0;32m  OK  [0m] Started Hold until boot process finishes up.
[  120.716767] cloud-init[2038]: Your public key has been saved in /etc/ssh/ssh_host_ecdsa_key.pub.
[  121.082343] cloud-init[2038]: The key fingerprint is:
[[0;32m  OK  [0m] Started Terminate Plymouth Boot Screen.
[  121.091312] cloud-init[2038]: SHA256:0q8ZKnkcLa2kwLUW9K2g+cvbRrU8+UAXqxsu72tgN8o root@ubuntu-xenial
[  121.193756]          Starting Set console scheme...
[[0;32m  OK  [0m] Started Getty on tty1.
cloud-init[2038]: The key's randomart image is:
[  121.276911] cloud-init[2038]: +---[ECDSA 256]---+
[  121.321524] cloud-init[2038]: |                 |[[0;32m  OK  [0m] Started Serial Getty on ttyS0.
[[0;32m  OK  [0m] Reached target Login Prompts.
[[0;32m  OK  [0m] Started Set console scheme.

[  121.434648] cloud-init[2038]: |    .     .      |
[  121.471702] cloud-init[2038]: |   . . .   o     |
[  121.582457] cloud-init[2038]: |    + ..+ o      |
[  121.677517] cloud-init[2038]: | . + +.BS=       |
[  121.726540] cloud-init[2038]: |  = o O.&.       |
[  121.753779] cloud-init[2038]: |   + O O.B.      |
[  121.766676] cloud-init[2038]: |   .=.E.++.      |
[  121.793175] cloud-init[2038]: |    +*o=*.       |
[  121.810445] cloud-init[2038]: +----[SHA256]-----+
[  121.828104] cloud-init[2038]: Generating public/private ed25519 key pair.
[  121.873166] cloud-init[2038]: Your identification has been saved in /etc/ssh/ssh_host_ed25519_key.
[  121.946379] cloud-init[2038]: Your public key has been saved in /etc/ssh/ssh_host_ed25519_key.pub.
[  122.135097] cloud-init[2038]: The key fingerprint is:
[  122.150246] cloud-init[2038]: SHA256:tuNKN0S1SDaQ+8USLEon+o90yM1364x2gk1oyl00VBc root@ubuntu-xenial
[  122.174948] cloud-init[2038]: The key's randomart image is:
[  122.209149] cloud-init[2038]: +--[ED25519 256]--+
[  122.237761] cloud-init[2038]: |      .++.o E.   |
[  122.270019] cloud-init[2038]: |    o +o++ o     |
[  122.309514] cloud-init[2038]: |   o + +oo.      |
[  122.329295] cloud-init[2038]: |  . . ..+ o      |
[  122.362167] cloud-init[2038]: |   o + +S+       |
[  122.382725] cloud-init[2038]: |    = *o=..      |
[  122.423941] cloud-init[2038]: |   o B.*=. .     |
[  122.451501] cloud-init[2038]: |    +.+o+=o      |
[  122.567643] cloud-init[2038]: |      .oo+o      |
[  122.686666] cloud-init[2038]: +----[SHA256]-----+
[  122.738781] cloud-init[2152]: Generating locales (this might take a while)...
[[0;32m  OK  [0m] Started Pollinate to seed the pseudo random number generator.
         Starting OpenBSD Secure Shell server...
[  125.077163] cloud-init[2152]:   en_US.UTF-8... done
[  125.113223] cloud-init[2152]: Generation complete.
[[0;32m  OK  [0m] Stopped OpenBSD Secure Shell server.
         Starting OpenBSD Secure Shell server...

Ubuntu 16.04.1 LTS ubuntu-xenial ttyS0

ubuntu-xenial login: [  153.150289] cloud-init[2152]: Cloud-init v. 0.7.7 running 'modules:config' at Mon, 05 Sep 2016 04:47:25 +0000. Up 120.81 seconds.
ci-info: no authorized ssh keys fingerprints found for user ubuntu.
<14>Sep  5 04:48:00 ec2: 
<14>Sep  5 04:48:00 ec2: #############################################################
<14>Sep  5 04:48:00 ec2: -----BEGIN SSH HOST KEY FINGERPRINTS-----
<14>Sep  5 04:48:00 ec2: 1024 SHA256:jhdmzIfpKKBis0hgaSuT5qPVaqWW8k4Yk7J8iySRJfw root@ubuntu-xenial (DSA)
<14>Sep  5 04:48:00 ec2: 256 SHA256:0q8ZKnkcLa2kwLUW9K2g+cvbRrU8+UAXqxsu72tgN8o root@ubuntu-xenial (ECDSA)
<14>Sep  5 04:48:00 ec2: 256 SHA256:tuNKN0S1SDaQ+8USLEon+o90yM1364x2gk1oyl00VBc root@ubuntu-xenial (ED25519)
<14>Sep  5 04:48:00 ec2: 2048 SHA256:8RX0+xT2PVPHoijZ/4uYvwiDNpdpEbEZ+79ah5616zg root@ubuntu-xenial (RSA)
<14>Sep  5 04:48:00 ec2: -----END SSH HOST KEY FINGERPRINTS-----
<14>Sep  5 04:48:00 ec2: #############################################################
-----BEGIN SSH HOST KEY KEYS-----
ecdsa-sha2-nistp256 AAAAE2VjZHNhLXNoYTItbmlzdHAyNTYAAAAIbmlzdHAyNTYAAABBBOsoCUZRxDnyNird6TcVOrJLluFJNo0gHuQzGa4MuoTkP9NxwWmIvQHMjzfZyCrlu7Iag4THHZIsoZe5d4vcIkI= root@ubuntu-xenial
ssh-ed25519 AAAAC3NzaC1lZDI1NTE5AAAAILvJ94BnH9NVW0ayZOuNZWaq2rg7olBBultjm3ajPdOA root@ubuntu-xenial
ssh-rsa AAAAB3NzaC1yc2EAAAADAQABAAABAQC/fA9I1t9tH+g0HO77gDyYjL1mnLkEzcHvhrP6cf0tr9hRMsudoRupI6hzasJa8GBFJxNlfDMVK+gviacjvI9w65SxdpZQwc9pIYeM9lhDtHXbwgVdYGwV06MouWrV4+t9pb/RgC0J3mf493VIbAZKMQYt2DMtLRxvxP9rCu5n7SbTLCFzezpOnLX5MqjqU5JwzxjruKVsbKfRIwH2+fPK7jHL994g9UumFK8wsDMmtKZ9+aiM+s+OfVa+yDs6LicJQHfehaiq1H96Jo4AUXqKT0PJczlYM68K0vA6Ht7CwpbzPFesPWpoIWmQsxrXNcnhZBnGwlcr0wHjV4a2P4+F root@ubuntu-xenial
-----END SSH HOST KEY KEYS-----
[  154.332894] cloud-init[2312]: Cloud-init v. 0.7.7 running 'modules:final' at Mon, 05 Sep 2016 04:48:00 +0000. Up 153.84 seconds.
[  154.333072] cloud-init[2312]: ci-info: no authorized ssh keys fingerprints found for user ubuntu.
[  154.333231] cloud-init[2312]: Cloud-init v. 0.7.7 finished at Mon, 05 Sep 2016 04:48:00 +0000. Datasource DataSourceNoCloud [seed=/dev/sdb][dsmode=net].  Up 154.23 seconds
